[     284ms] [ERROR] Failed to load resource: the server responded with a status of 503 (Service Unavailable) @ http://localhost:3000/api/build:0
[     285ms] [ERROR] Failed to load resource: the server responded with a status of 503 (Service Unavailable) @ http://localhost:3000/api/build/history:0
[     295ms] [ERROR] Failed to load resource: the server responded with a status of 503 (Service Unavailable) @ http://localhost:3000/api/build:0
[    5284ms] [ERROR] Failed to load resource: the server responded with a status of 503 (Service Unavailable) @ http://localhost:3000/api/build:0
[    5312ms] [ERROR] Failed to load resource: the server responded with a status of 503 (Service Unavailable) @ http://localhost:3000/api/build:0
[   10284ms] [ERROR] Failed to load resource: the server responded with a status of 503 (Service Unavailable) @ http://localhost:3000/api/build:0
[   10295ms] [ERROR] Failed to load resource: the server responded with a status of 503 (Service Unavailable) @ http://localhost:3000/api/build:0
[   13858ms] [ERROR] WebSocket connection to 'ws://localhost:3000/_next/webpack-hmr?id=Cbty4_msUNKTAAQcRz4g4' failed:  @ http://localhost:3000/_next/static/chunks/9cc01_next_dist_client_1b0aea38._.js:10878
[   14866ms] [ERROR] WebSocket connection to 'ws://localhost:3000/_next/webpack-hmr?id=Cbty4_msUNKTAAQcRz4g4' failed: Error in connection establishment: net::ERR_CONNECTION_REFUSED @ http://localhost:3000/_next/static/chunks/9cc01_next_dist_client_1b0aea38._.js:10878
[   15272ms] [ERROR] Failed to load resource: net::ERR_CONNECTION_REFUSED @ http://localhost:3000/api/build:0
[   15272ms] [ERROR] Failed to load resource: net::ERR_CONNECTION_REFUSED @ http://localhost:3000/api/build:0
[   15869ms] [ERROR] WebSocket connection to 'ws://localhost:3000/_next/webpack-hmr?id=Cbty4_msUNKTAAQcRz4g4' failed: Error in connection establishment: net::ERR_CONNECTION_REFUSED @ http://localhost:3000/_next/static/chunks/9cc01_next_dist_client_1b0aea38._.js:10878
[   16874ms] [ERROR] WebSocket connection to 'ws://localhost:3000/_next/webpack-hmr?id=Cbty4_msUNKTAAQcRz4g4' failed: Error in connection establishment: net::ERR_CONNECTION_REFUSED @ http://localhost:3000/_next/static/chunks/9cc01_next_dist_client_1b0aea38._.js:10878
[   17878ms] [ERROR] WebSocket connection to 'ws://localhost:3000/_next/webpack-hmr?id=Cbty4_msUNKTAAQcRz4g4' failed: Error in connection establishment: net::ERR_CONNECTION_REFUSED @ http://localhost:3000/_next/static/chunks/9cc01_next_dist_client_1b0aea38._.js:10878
[   18881ms] [ERROR] WebSocket connection to 'ws://localhost:3000/_next/webpack-hmr?id=Cbty4_msUNKTAAQcRz4g4' failed: Error in connection establishment: net::ERR_CONNECTION_REFUSED @ http://localhost:3000/_next/static/chunks/9cc01_next_dist_client_1b0aea38._.js:10878
[   20267ms] [ERROR] Failed to load resource: net::ERR_CONNECTION_REFUSED @ http://localhost:3000/api/build:0
[   20267ms] [ERROR] Failed to load resource: net::ERR_CONNECTION_REFUSED @ http://localhost:3000/api/build:0
[   23886ms] [ERROR] WebSocket connection to 'ws://localhost:3000/_next/webpack-hmr?id=Cbty4_msUNKTAAQcRz4g4' failed: Error in connection establishment: net::ERR_CONNECTION_REFUSED @ http://localhost:3000/_next/static/chunks/9cc01_next_dist_client_1b0aea38._.js:10878
[   25267ms] [ERROR] Failed to load resource: net::ERR_CONNECTION_REFUSED @ http://localhost:3000/api/build:0
[   25267ms] [ERROR] Failed to load resource: net::ERR_CONNECTION_REFUSED @ http://localhost:3000/api/build:0
[   28894ms] [ERROR] WebSocket connection to 'ws://localhost:3000/_next/webpack-hmr?id=Cbty4_msUNKTAAQcRz4g4' failed: Error in connection establishment: net::ERR_CONNECTION_REFUSED @ http://localhost:3000/_next/static/chunks/9cc01_next_dist_client_1b0aea38._.js:10878
[   30267ms] [ERROR] Failed to load resource: net::ERR_CONNECTION_REFUSED @ http://localhost:3000/api/build:0
[   30268ms] [ERROR] Failed to load resource: net::ERR_CONNECTION_REFUSED @ http://localhost:3000/api/build:0
[   33909ms] [ERROR] WebSocket connection to 'ws://localhost:3000/_next/webpack-hmr?id=Cbty4_msUNKTAAQcRz4g4' failed: Error in connection establishment: net::ERR_CONNECTION_REFUSED @ http://localhost:3000/_next/static/chunks/9cc01_next_dist_client_1b0aea38._.js:10878
[   35271ms] [ERROR] Failed to load resource: net::ERR_CONNECTION_REFUSED @ http://localhost:3000/api/build:0
[   35271ms] [ERROR] Failed to load resource: net::ERR_CONNECTION_REFUSED @ http://localhost:3000/api/build:0
[   38960ms] [ERROR] WebSocket connection to 'ws://localhost:3000/_next/webpack-hmr?id=Cbty4_msUNKTAAQcRz4g4' failed: Error in connection establishment: net::ERR_CONNECTION_REFUSED @ http://localhost:3000/_next/static/chunks/9cc01_next_dist_client_1b0aea38._.js:10878
[   40274ms] [ERROR] Failed to load resource: net::ERR_CONNECTION_REFUSED @ http://localhost:3000/api/build:0
[   40274ms] [ERROR] Failed to load resource: net::ERR_CONNECTION_REFUSED @ http://localhost:3000/api/build:0
[   43987ms] [ERROR] WebSocket connection to 'ws://localhost:3000/_next/webpack-hmr?id=Cbty4_msUNKTAAQcRz4g4' failed: Error in connection establishment: net::ERR_CONNECTION_REFUSED @ http://localhost:3000/_next/static/chunks/9cc01_next_dist_client_1b0aea38._.js:10878
[   45272ms] [ERROR] Failed to load resource: net::ERR_CONNECTION_REFUSED @ http://localhost:3000/api/build:0
[   45272ms] [ERROR] Failed to load resource: net::ERR_CONNECTION_REFUSED @ http://localhost:3000/api/build:0
[   49127ms] [ERROR] WebSocket connection to 'ws://localhost:3000/_next/webpack-hmr?id=Cbty4_msUNKTAAQcRz4g4' failed: Error in connection establishment: net::ERR_CONNECTION_REFUSED @ http://localhost:3000/_next/static/chunks/9cc01_next_dist_client_1b0aea38._.js:10878
[   50272ms] [ERROR] Failed to load resource: net::ERR_CONNECTION_REFUSED @ http://localhost:3000/api/build:0
[   50272ms] [ERROR] Failed to load resource: net::ERR_CONNECTION_REFUSED @ http://localhost:3000/api/build:0
[   54320ms] [ERROR] WebSocket connection to 'ws://localhost:3000/_next/webpack-hmr?id=Cbty4_msUNKTAAQcRz4g4' failed: Error in connection establishment: net::ERR_CONNECTION_REFUSED @ http://localhost:3000/_next/static/chunks/9cc01_next_dist_client_1b0aea38._.js:10878
